2023-09-14 23:36:31.554 [info] Log level: Info
2023-09-14 23:36:31.554 [info] Validating found git in: "git"
2023-09-14 23:36:31.554 [info] Using git "2.42.0" from "git"
2023-09-14 23:36:31.554 [info] > git rev-parse --show-toplevel [3ms]
2023-09-14 23:36:31.554 [info] > git rev-parse --git-dir --git-common-dir [5ms]
2023-09-14 23:36:31.554 [info] Open repository: /home/nixer/.config
2023-09-14 23:36:31.562 [info] > git rev-parse --show-toplevel [2ms]
2023-09-14 23:36:31.565 [info] > git config --get commit.template [7ms]
2023-09-14 23:36:31.612 [info] > git rev-parse --show-toplevel [20ms]
2023-09-14 23:36:31.614 [info] > git for-each-ref --format=%(refname)%00%(upstream:short)%00%(objectname)%00%(upstream:track)%00%(upstream:remotename)%00%(upstream:remoteref) refs/heads/main refs/remotes/main [6ms]
2023-09-14 23:36:31.651 [info] > git status -z -uall [34ms] (cancelled)
2023-09-14 23:36:31.860 [info] > git show --textconv :anyrun/style.css [5ms]
2023-09-14 23:36:31.861 [info] > git ls-files --stage -- /home/nixer/.config/anyrun/style.css [2ms]
2023-09-14 23:36:31.866 [info] > git cat-file -s 0f760aed6b663c5bcba43abf27e10423761e28f3 [1ms]
2023-09-14 23:36:32.066 [info] > git check-ignore -v -z --stdin [1ms]
2023-09-14 23:36:32.783 [info] > git show --textconv :anyrun/config.ron [4ms]
2023-09-14 23:36:32.784 [info] > git ls-files --stage -- /home/nixer/.config/anyrun/config.ron [1ms]
2023-09-14 23:36:32.789 [info] > git cat-file -s 0dca7ba212b642527b0c199e1fb1e11ca20be0fd [1ms]
2023-09-14 23:36:33.272 [info] > git show --textconv :anyrun/symbols.ron [4ms]
2023-09-14 23:36:33.272 [info] > git ls-files --stage -- /home/nixer/.config/anyrun/symbols.ron [1ms]
2023-09-14 23:36:33.278 [info] > git cat-file -s 74d7ddfda45f057faa535c9674c6717e6d0c9d35 [2ms]
