2023-09-16 00:39:18.378 [info] Log level: Info
2023-09-16 00:39:18.378 [info] Validating found git in: "git"
2023-09-16 00:39:18.378 [info] Using git "2.42.0" from "git"
2023-09-16 00:39:18.378 [info] > git rev-parse --show-toplevel [3ms]
2023-09-16 00:39:18.378 [info] fatal: not a git repository (or any parent up to mount point /)
Stopping at filesystem boundary (GIT_DISCOVERY_ACROSS_FILESYSTEM not set).
2023-09-16 00:39:18.378 [info] > git rev-parse --show-toplevel [2ms]
2023-09-16 00:39:18.378 [info] fatal: not a git repository (or any parent up to mount point /)
Stopping at filesystem boundary (GIT_DISCOVERY_ACROSS_FILESYSTEM not set).
2023-09-16 00:39:19.721 [info] > git rev-parse --show-toplevel [2ms]
2023-09-16 00:39:19.721 [info] fatal: not a git repository (or any parent up to mount point /)
Stopping at filesystem boundary (GIT_DISCOVERY_ACROSS_FILESYSTEM not set).
2023-09-16 00:39:19.795 [info] > git rev-parse --show-toplevel [3ms]
2023-09-16 00:39:19.795 [info] fatal: not a git repository (or any parent up to mount point /)
Stopping at filesystem boundary (GIT_DISCOVERY_ACROSS_FILESYSTEM not set).
2023-09-16 00:39:21.056 [info] > git rev-parse --show-toplevel [2ms]
2023-09-16 00:39:21.056 [info] fatal: not a git repository (or any parent up to mount point /)
Stopping at filesystem boundary (GIT_DISCOVERY_ACROSS_FILESYSTEM not set).
2023-09-16 00:39:21.581 [info] > git rev-parse --show-toplevel [5ms]
2023-09-16 00:39:21.581 [info] fatal: not a git repository (or any parent up to mount point /)
Stopping at filesystem boundary (GIT_DISCOVERY_ACROSS_FILESYSTEM not set).
2023-09-16 00:39:21.882 [info] > git rev-parse --show-toplevel [3ms]
2023-09-16 00:39:21.882 [info] fatal: not a git repository (or any parent up to mount point /)
Stopping at filesystem boundary (GIT_DISCOVERY_ACROSS_FILESYSTEM not set).
2023-09-16 00:39:22.322 [info] > git rev-parse --show-toplevel [3ms]
2023-09-16 00:39:22.322 [info] fatal: not a git repository (or any parent up to mount point /)
Stopping at filesystem boundary (GIT_DISCOVERY_ACROSS_FILESYSTEM not set).
2023-09-16 00:39:22.736 [info] > git rev-parse --show-toplevel [22ms]
2023-09-16 00:39:22.736 [info] fatal: not a git repository (or any parent up to mount point /)
Stopping at filesystem boundary (GIT_DISCOVERY_ACROSS_FILESYSTEM not set).
