2023-09-16 00:39:33.042 [info] Log level: Info
2023-09-16 00:39:33.042 [info] Validating found git in: "git"
2023-09-16 00:39:33.042 [info] Using git "2.42.0" from "git"
2023-09-16 00:39:33.042 [info] > git rev-parse --show-toplevel [1ms]
2023-09-16 00:39:33.042 [info] fatal: not a git repository (or any parent up to mount point /)
Stopping at filesystem boundary (GIT_DISCOVERY_ACROSS_FILESYSTEM not set).
2023-09-16 00:39:33.042 [info] > git rev-parse --show-toplevel [1ms]
2023-09-16 00:39:33.042 [info] fatal: not a git repository (or any parent up to mount point /)
Stopping at filesystem boundary (GIT_DISCOVERY_ACROSS_FILESYSTEM not set).
2023-09-16 00:39:33.208 [info] > git rev-parse --show-toplevel [1ms]
2023-09-16 00:39:33.208 [info] fatal: not a git repository (or any parent up to mount point /)
Stopping at filesystem boundary (GIT_DISCOVERY_ACROSS_FILESYSTEM not set).
2023-09-16 00:39:33.301 [info] > git rev-parse --show-toplevel [1ms]
2023-09-16 00:39:33.301 [info] fatal: not a git repository (or any parent up to mount point /)
Stopping at filesystem boundary (GIT_DISCOVERY_ACROSS_FILESYSTEM not set).
2023-09-16 00:39:33.439 [info] > git rev-parse --show-toplevel [1ms]
2023-09-16 00:39:33.439 [info] fatal: not a git repository (or any parent up to mount point /)
Stopping at filesystem boundary (GIT_DISCOVERY_ACROSS_FILESYSTEM not set).
2023-09-16 00:39:33.542 [info] > git rev-parse --show-toplevel [1ms]
2023-09-16 00:39:33.542 [info] fatal: not a git repository (or any parent up to mount point /)
Stopping at filesystem boundary (GIT_DISCOVERY_ACROSS_FILESYSTEM not set).
2023-09-16 00:39:33.737 [info] > git rev-parse --show-toplevel [0ms]
2023-09-16 00:39:33.737 [info] fatal: not a git repository (or any parent up to mount point /)
Stopping at filesystem boundary (GIT_DISCOVERY_ACROSS_FILESYSTEM not set).
2023-09-16 00:39:34.403 [info] > git rev-parse --show-toplevel [1ms]
2023-09-16 00:39:34.403 [info] fatal: not a git repository (or any parent up to mount point /)
Stopping at filesystem boundary (GIT_DISCOVERY_ACROSS_FILESYSTEM not set).
