2023-09-16 00:43:00.772 [info] Log level: Info
2023-09-16 00:43:00.772 [info] Validating found git in: "git"
2023-09-16 00:43:00.772 [info] Using git "2.42.0" from "git"
2023-09-16 00:43:00.772 [info] > git rev-parse --show-toplevel [1ms]
2023-09-16 00:43:00.772 [info] fatal: not a git repository (or any parent up to mount point /)
Stopping at filesystem boundary (GIT_DISCOVERY_ACROSS_FILESYSTEM not set).
2023-09-16 00:43:00.772 [info] > git rev-parse --show-toplevel [3ms]
2023-09-16 00:43:00.772 [info] fatal: not a git repository (or any parent up to mount point /)
Stopping at filesystem boundary (GIT_DISCOVERY_ACROSS_FILESYSTEM not set).
2023-09-16 00:43:02.302 [info] > git rev-parse --show-toplevel [1ms]
2023-09-16 00:43:02.302 [info] fatal: not a git repository (or any parent up to mount point /)
Stopping at filesystem boundary (GIT_DISCOVERY_ACROSS_FILESYSTEM not set).
2023-09-16 00:43:02.738 [info] > git rev-parse --show-toplevel [1ms]
2023-09-16 00:43:02.738 [info] fatal: not a git repository (or any parent up to mount point /)
Stopping at filesystem boundary (GIT_DISCOVERY_ACROSS_FILESYSTEM not set).
2023-09-16 00:43:21.912 [info] > git rev-parse --show-toplevel [3ms]
2023-09-16 00:43:21.912 [info] fatal: not a git repository (or any parent up to mount point /)
Stopping at filesystem boundary (GIT_DISCOVERY_ACROSS_FILESYSTEM not set).
2023-09-16 00:43:21.919 [info] > git rev-parse --show-toplevel [1ms]
2023-09-16 00:43:21.919 [info] fatal: not a git repository (or any parent up to mount point /)
Stopping at filesystem boundary (GIT_DISCOVERY_ACROSS_FILESYSTEM not set).
2023-09-16 00:43:22.025 [info] > git rev-parse --show-toplevel [1ms]
2023-09-16 00:43:22.025 [info] fatal: not a git repository (or any parent up to mount point /)
Stopping at filesystem boundary (GIT_DISCOVERY_ACROSS_FILESYSTEM not set).
2023-09-16 00:43:22.228 [info] > git rev-parse --show-toplevel [1ms]
2023-09-16 00:43:22.228 [info] fatal: not a git repository (or any parent up to mount point /)
Stopping at filesystem boundary (GIT_DISCOVERY_ACROSS_FILESYSTEM not set).
